============================= test session starts =============================
platform win32 -- Python 3.14.7, pytest-9.1.1, pluggy-1.6.0 -- C:\Users\kamil\OneDrive\Desktop\hexlet\.venv\Scripts\python.exe
rootdir: C:\Users\kamil\OneDrive\Desktop\hexlet\Учебная практика\Учебная практика 21.09.2026\Обработка исключений и интерактивные уведомления (UX и UI)
configfile: pytest.ini
collecting ... collected 114 items

Учебная практика\Учебная практика 21.09.2026\Обработка исключений и интерактивные уведомления (UX и UI)\tests\test_dialogs.py::test_invalid_input_shows_error_without_sending_to_database[company_name-] PASSED [  0%]
Учебная практика\Учебная практика 21.09.2026\Обработка исключений и интерактивные уведомления (UX и UI)\tests\test_dialogs.py::test_invalid_input_shows_error_without_sending_to_database[company_name-   ] PASSED [  1%]
Учебная практика\Учебная практика 21.09.2026\Обработка исключений и интерактивные уведомления (UX и UI)\tests\test_dialogs.py::test_invalid_input_shows_error_without_sending_to_database[contact_email-] PASSED [  2%]
Учебная практика\Учебная практика 21.09.2026\Обработка исключений и интерактивные уведомления (UX и UI)\tests\test_dialogs.py::test_invalid_input_shows_error_without_sending_to_database[contact_email- \t ] PASSED [  3%]
Учебная практика\Учебная практика 21.09.2026\Обработка исключений и интерактивные уведомления (UX и UI)\tests\test_dialogs.py::test_invalid_input_shows_error_without_sending_to_database[rating--1] PASSED [  4%]
Учебная практика\Учебная практика 21.09.2026\Обработка исключений и интерактивные уведомления (UX и UI)\tests\test_dialogs.py::test_invalid_input_shows_error_without_sending_to_database[rating-4.8] PASSED [  5%]
Учебная практика\Учебная практика 21.09.2026\Обработка исключений и интерактивные уведомления (UX и UI)\tests\test_dialogs.py::test_invalid_input_shows_error_without_sending_to_database[rating-4,8] PASSED [  6%]
Учебная практика\Учебная практика 21.09.2026\Обработка исключений и интерактивные уведомления (UX и UI)\tests\test_dialogs.py::test_invalid_input_shows_error_without_sending_to_database[rating-abc] PASSED [  7%]
Учебная практика\Учебная практика 21.09.2026\Обработка исключений и интерактивные уведомления (UX и UI)\tests\test_dialogs.py::test_invalid_input_shows_error_without_sending_to_database[rating-] PASSED [  7%]
Учебная практика\Учебная практика 21.09.2026\Обработка исключений и интерактивные уведомления (UX и UI)\tests\test_dialogs.py::test_cancel_warning_preserves_data_and_yes_discards[button] PASSED [  8%]
Учебная практика\Учебная практика 21.09.2026\Обработка исключений и интерактивные уведомления (UX и UI)\tests\test_dialogs.py::test_cancel_warning_preserves_data_and_yes_discards[escape] PASSED [  9%]
Учебная практика\Учебная практика 21.09.2026\Обработка исключений и интерактивные уведомления (UX и UI)\tests\test_dialogs.py::test_cancel_warning_preserves_data_and_yes_discards[cross] PASSED [ 10%]
Учебная практика\Учебная практика 21.09.2026\Обработка исключений и интерактивные уведомления (UX и UI)\tests\test_dialogs.py::test_cancel_warning_preserves_data_and_yes_discards[main] PASSED [ 11%]
Учебная практика\Учебная практика 21.09.2026\Обработка исключений и интерактивные уведомления (UX и UI)\tests\test_dialogs.py::test_untouched_or_reverted_form_has_no_warning PASSED [ 12%]
Учебная практика\Учебная практика 21.09.2026\Обработка исключений и интерактивные уведомления (UX и UI)\tests\test_dialogs.py::test_loaded_values_are_not_unsaved_changes PASSED [ 13%]
Учебная практика\Учебная практика 21.09.2026\Обработка исключений и интерактивные уведомления (UX и UI)\tests\test_dialogs.py::test_information_only_after_save_completes[False] PASSED [ 14%]
Учебная практика\Учебная практика 21.09.2026\Обработка исключений и интерактивные уведомления (UX и UI)\tests\test_dialogs.py::test_information_only_after_save_completes[True] PASSED [ 14%]
Учебная практика\Учебная практика 21.09.2026\Обработка исключений и интерактивные уведомления (UX и UI)\tests\test_dialogs.py::test_database_failure_shows_actionable_error[list] PASSED [ 15%]
Учебная практика\Учебная практика 21.09.2026\Обработка исключений и интерактивные уведомления (UX и UI)\tests\test_dialogs.py::test_database_failure_shows_actionable_error[read] PASSED [ 16%]
Учебная практика\Учебная практика 21.09.2026\Обработка исключений и интерактивные уведомления (UX и UI)\tests\test_dialogs.py::test_database_failure_shows_actionable_error[save] PASSED [ 17%]
Учебная практика\Учебная практика 21.09.2026\Обработка исключений и интерактивные уведомления (UX и UI)\tests\test_discount.py::test_discount_boundaries[0-0] PASSED [ 18%]
Учебная практика\Учебная практика 21.09.2026\Обработка исключений и интерактивные уведомления (UX и UI)\tests\test_discount.py::test_discount_boundaries[9999-0] PASSED [ 19%]
Учебная практика\Учебная практика 21.09.2026\Обработка исключений и интерактивные уведомления (UX и UI)\tests\test_discount.py::test_discount_boundaries[10000-5] PASSED [ 20%]
Учебная практика\Учебная практика 21.09.2026\Обработка исключений и интерактивные уведомления (UX и UI)\tests\test_discount.py::test_discount_boundaries[49999-5] PASSED [ 21%]
Учебная практика\Учебная практика 21.09.2026\Обработка исключений и интерактивные уведомления (UX и UI)\tests\test_discount.py::test_discount_boundaries[50000-10] PASSED [ 21%]
Учебная практика\Учебная практика 21.09.2026\Обработка исключений и интерактивные уведомления (UX и UI)\tests\test_discount.py::test_discount_boundaries[299999-10] PASSED [ 22%]
Учебная практика\Учебная практика 21.09.2026\Обработка исключений и интерактивные уведомления (UX и UI)\tests\test_discount.py::test_discount_boundaries[300000-15] PASSED [ 23%]
Учебная практика\Учебная практика 21.09.2026\Обработка исключений и интерактивные уведомления (UX и UI)\tests\test_discount.py::test_discount_boundaries[300001-15] PASSED [ 24%]
Учебная практика\Учебная практика 21.09.2026\Обработка исключений и интерактивные уведомления (UX и UI)\tests\test_discount.py::test_discount_boundaries[1000000-15] PASSED [ 25%]
Учебная практика\Учебная практика 21.09.2026\Обработка исключений и интерактивные уведомления (UX и UI)\tests\test_navigation.py::test_add_button_opens_form_and_back_keeps_main_alive PASSED [ 26%]
Учебная практика\Учебная практика 21.09.2026\Обработка исключений и интерактивные уведомления (UX и UI)\tests\test_navigation.py::test_all_return_actions_allow_reopening_empty_form[button] PASSED [ 27%]
Учебная практика\Учебная практика 21.09.2026\Обработка исключений и интерактивные уведомления (UX и UI)\tests\test_navigation.py::test_all_return_actions_allow_reopening_empty_form[escape] PASSED [ 28%]
Учебная практика\Учебная практика 21.09.2026\Обработка исключений и интерактивные уведомления (UX и UI)\tests\test_navigation.py::test_all_return_actions_allow_reopening_empty_form[window_cross] PASSED [ 28%]
Учебная практика\Учебная практика 21.09.2026\Обработка исключений и интерактивные уведомления (UX и UI)\tests\test_navigation.py::test_edit_form_prefills_values_without_mutating_partner PASSED [ 29%]
Учебная практика\Учебная практика 21.09.2026\Обработка исключений и интерактивные уведомления (UX и UI)\tests\test_navigation.py::test_navigation_preserves_search_scroll_cards_and_connection PASSED [ 30%]
Учебная практика\Учебная практика 21.09.2026\Обработка исключений и интерактивные уведомления (UX и UI)\tests\test_navigation.py::test_repeated_open_does_not_duplicate_editor PASSED [ 31%]
Учебная практика\Учебная практика 21.09.2026\Обработка исключений и интерактивные уведомления (UX и UI)\tests\test_navigation.py::test_closing_main_also_closes_editor PASSED [ 32%]
Учебная практика\Учебная практика 21.09.2026\Обработка исключений и интерактивные уведомления (UX и UI)\tests\test_navigation.py::test_editor_is_not_opened_during_loading PASSED [ 33%]
Учебная практика\Учебная практика 21.09.2026\Обработка исключений и интерактивные уведомления (UX и UI)\tests\test_partner_crud.py::test_create_persists_all_fields_and_zero_discount PASSED [ 34%]
Учебная практика\Учебная практика 21.09.2026\Обработка исключений и интерактивные уведомления (UX и UI)\tests\test_partner_crud.py::test_update_preserves_primary_key_and_shipment_history PASSED [ 35%]
Учебная практика\Учебная практика 21.09.2026\Обработка исключений и интерактивные уведомления (UX и UI)\tests\test_partner_crud.py::test_duplicate_rolls_back_entire_update[inn] PASSED [ 35%]
Учебная практика\Учебная практика 21.09.2026\Обработка исключений и интерактивные уведомления (UX и UI)\tests\test_partner_crud.py::test_duplicate_rolls_back_entire_update[contact_email] PASSED [ 36%]
Учебная практика\Учебная практика 21.09.2026\Обработка исключений и интерактивные уведомления (UX и UI)\tests\test_partner_crud.py::test_deleted_partner_is_not_recreated PASSED [ 37%]
Учебная практика\Учебная практика 21.09.2026\Обработка исключений и интерактивные уведомления (UX и UI)\tests\test_partner_crud.py::test_invalid_identity_cannot_update[0] PASSED [ 38%]
Учебная практика\Учебная практика 21.09.2026\Обработка исключений и интерактивные уведомления (UX и UI)\tests\test_partner_crud.py::test_invalid_identity_cannot_update[-1] PASSED [ 39%]
Учебная практика\Учебная практика 21.09.2026\Обработка исключений и интерактивные уведомления (UX и UI)\tests\test_partner_crud.py::test_invalid_identity_cannot_update[True] PASSED [ 40%]
Учебная практика\Учебная практика 21.09.2026\Обработка исключений и интерактивные уведомления (UX и UI)\tests\test_partner_crud.py::test_invalid_identity_cannot_update[1 OR 1=1] PASSED [ 41%]
Учебная практика\Учебная практика 21.09.2026\Обработка исключений и интерактивные уведомления (UX и UI)\tests\test_partner_crud.py::test_sql_looking_name_is_stored_as_text PASSED [ 42%]
Учебная практика\Учебная практика 21.09.2026\Обработка исключений и интерактивные уведомления (UX и UI)\tests\test_partner_crud.py::test_validation_prevents_invalid_write[company_name- ] PASSED [ 42%]
Учебная практика\Учебная практика 21.09.2026\Обработка исключений и интерактивные уведомления (UX и UI)\tests\test_partner_crud.py::test_validation_prevents_invalid_write[company_name-xxxxxxxxxxxxxxxxxxxxxxxxxxxxxxxxxxxxxxxxxxxxxxxxxxxxxxxxxxxxxxxxxxxxxxxxxxxxxxxxxxxxxxxxxxxxxxxxxxxxxxxxxxxxxxxxxxxxxxxxxxxxxxxxxxxxxxxxxxxxxxxxxxxxxxxxxxxxxxxxxxxxxxxxxxxxxxxxxxxxxxxxxxxxxxxxxxxxxxxxx] PASSED [ 43%]
Учебная практика\Учебная практика 21.09.2026\Обработка исключений и интерактивные уведомления (UX и UI)\tests\test_partner_crud.py::test_validation_prevents_invalid_write[address-xxxxxxxxxxxxxxxxxxxxxxxxxxxxxxxxxxxxxxxxxxxxxxxxxxxxxxxxxxxxxxxxxxxxxxxxxxxxxxxxxxxxxxxxxxxxxxxxxxxxxxxxxxxxxxxxxxxxxxxxxxxxxxxxxxxxxxxxxxxxxxxxxxxxxxxxxxxxxxxxxxxxxxxxxxxxxxxxxxxxxxxxxxxxxxxxxxxxxxxxxxxxxxxxxxxxxxxxxxxxxxxxxxxxxxxxxxxxxxxxxxxxxxxxxxxxxxxxxxxxxxxxxxxxxxxxxxxxxxxxxxxxxxxxxxxxxxxxxxxxxxxxxxxxxxxxxxxxxxxxxxxxxxxxxxxxxxxxxxxxxxxxxxxxxxxxxxxxxxxxxxxxxxxxxxxxxxxxxxxxxxxxxxxxxxxxxxxxxxxxxxxxxxxxxxxxxxxxxxxxxxxxxxxxxxxxxxxxxxxxxxxxxxxxxxxxxxxxxxxxxxxxxxxxxxxxxxxxxxxxxxxxxxxxxxxxxxxxxxxxx] PASSED [ 44%]
Учебная практика\Учебная практика 21.09.2026\Обработка исключений и интерактивные уведомления (UX и UI)\tests\test_partner_crud.py::test_validation_prevents_invalid_write[director_name-\x00] PASSED [ 45%]
Учебная практика\Учебная практика 21.09.2026\Обработка исключений и интерактивные уведомления (UX и UI)\tests\test_partner_crud.py::test_validation_prevents_invalid_write[partner_type-\u043d\u0435\u0438\u0437\u0432\u0435\u0441\u0442\u043d\u044b\u0439] PASSED [ 46%]
Учебная практика\Учебная практика 21.09.2026\Обработка исключений и интерактивные уведомления (UX и UI)\tests\test_partner_crud.py::test_validation_prevents_invalid_write[inn-123] PASSED [ 47%]
Учебная практика\Учебная практика 21.09.2026\Обработка исключений и интерактивные уведомления (UX и UI)\tests\test_partner_crud.py::test_validation_prevents_invalid_write[contact_email-bad@] PASSED [ 48%]
Учебная практика\Учебная практика 21.09.2026\Обработка исключений и интерактивные уведомления (UX и UI)\tests\test_partner_crud.py::test_validation_prevents_invalid_write[rating--1] PASSED [ 49%]
Учебная практика\Учебная практика 21.09.2026\Обработка исключений и интерактивные уведомления (UX и UI)\tests\test_partner_crud.py::test_validation_prevents_invalid_write[rating-4.8] PASSED [ 50%]
Учебная практика\Учебная практика 21.09.2026\Обработка исключений и интерактивные уведомления (UX и UI)\tests\test_partner_crud.py::test_validation_prevents_invalid_write[rating-2147483648] PASSED [ 50%]
Учебная практика\Учебная практика 21.09.2026\Обработка исключений и интерактивные уведомления (UX и UI)\tests\test_partner_crud.py::test_validation_prevents_invalid_write[phone-abc] PASSED [ 51%]
Учебная практика\Учебная практика 21.09.2026\Обработка исключений и интерактивные уведомления (UX и UI)\tests\test_partner_crud.py::test_validation_prevents_invalid_write[phone-+7999] PASSED [ 52%]
Учебная практика\Учебная практика 21.09.2026\Обработка исключений и интерактивные уведомления (UX и UI)\tests\test_partner_crud.py::test_optional_contact_details_and_rating_zero PASSED [ 53%]
Учебная практика\Учебная практика 21.09.2026\Обработка исключений и интерактивные уведомления (UX и UI)\tests\test_partner_crud.py::test_ui_create_auto_refresh_and_edit_reads_fresh_data PASSED [ 54%]
Учебная практика\Учебная практика 21.09.2026\Обработка исключений и интерактивные уведомления (UX и UI)\tests\test_partner_crud.py::test_ui_duplicate_preserves_input_and_allows_retry PASSED [ 55%]
Учебная практика\Учебная практика 21.09.2026\Обработка исключений и интерактивные уведомления (UX и UI)\tests\test_partner_crud.py::test_ui_deleted_partner_on_read_and_save PASSED [ 56%]
Учебная практика\Учебная практика 21.09.2026\Обработка исключений и интерактивные уведомления (UX и UI)\tests\test_partner_crud.py::test_slow_save_blocks_duplicate_and_premature_close PASSED [ 57%]
Учебная практика\Учебная практика 21.09.2026\Обработка исключений и интерактивные уведомления (UX и UI)\tests\test_partner_crud.py::test_migration_preserves_existing_data_and_can_repeat PASSED [ 57%]
Учебная практика\Учебная практика 21.09.2026\Обработка исключений и интерактивные уведомления (UX и UI)\tests\test_partner_crud.py::test_save_failure_keeps_form_and_restores_buttons[error0] PASSED [ 58%]
Учебная практика\Учебная практика 21.09.2026\Обработка исключений и интерактивные уведомления (UX и UI)\tests\test_partner_crud.py::test_save_failure_keeps_form_and_restores_buttons[error1] PASSED [ 59%]
Учебная практика\Учебная практика 21.09.2026\Обработка исключений и интерактивные уведомления (UX и UI)\tests\test_partner_crud.py::test_committed_save_is_not_reported_as_failed_when_refresh_fails PASSED [ 60%]
Учебная практика\Учебная практика 21.09.2026\Обработка исключений и интерактивные уведомления (UX и UI)\tests\test_partner_crud.py::test_invalid_form_does_not_call_database PASSED [ 61%]
Учебная практика\Учебная практика 21.09.2026\Обработка исключений и интерактивные уведомления (UX и UI)\tests\test_partner_form.py::test_type_can_only_be_selected_from_list PASSED [ 62%]
Учебная практика\Учебная практика 21.09.2026\Обработка исключений и интерактивные уведомления (UX и UI)\tests\test_partner_form.py::test_rating_accepts_nonnegative_integers[0] PASSED [ 63%]
Учебная практика\Учебная практика 21.09.2026\Обработка исключений и интерактивные уведомления (UX и UI)\tests\test_partner_form.py::test_rating_accepts_nonnegative_integers[1] PASSED [ 64%]
Учебная практика\Учебная практика 21.09.2026\Обработка исключений и интерактивные уведомления (UX и UI)\tests\test_partner_form.py::test_rating_accepts_nonnegative_integers[10] PASSED [ 64%]
Учебная практика\Учебная практика 21.09.2026\Обработка исключений и интерактивные уведомления (UX и UI)\tests\test_partner_form.py::test_rating_accepts_nonnegative_integers[300000] PASSED [ 65%]
Учебная практика\Учебная практика 21.09.2026\Обработка исключений и интерактивные уведомления (UX и UI)\tests\test_partner_form.py::test_rating_keeps_input_for_validation_on_save[-1] PASSED [ 66%]
Учебная практика\Учебная практика 21.09.2026\Обработка исключений и интерактивные уведомления (UX и UI)\tests\test_partner_form.py::test_rating_keeps_input_for_validation_on_save[4.8] PASSED [ 67%]
Учебная практика\Учебная практика 21.09.2026\Обработка исключений и интерактивные уведомления (UX и UI)\tests\test_partner_form.py::test_rating_keeps_input_for_validation_on_save[4,8] PASSED [ 68%]
Учебная практика\Учебная практика 21.09.2026\Обработка исключений и интерактивные уведомления (UX и UI)\tests\test_partner_form.py::test_rating_keeps_input_for_validation_on_save[abc] PASSED [ 69%]
Учебная практика\Учебная практика 21.09.2026\Обработка исключений и интерактивные уведомления (UX и UI)\tests\test_partner_form.py::test_rating_keeps_input_for_validation_on_save[ 1] PASSED [ 70%]
Учебная практика\Учебная практика 21.09.2026\Обработка исключений и интерактивные уведомления (UX и UI)\tests\test_partner_form.py::test_rating_keeps_input_for_validation_on_save[\xb2] PASSED [ 71%]
Учебная практика\Учебная практика 21.09.2026\Обработка исключений и интерактивные уведомления (UX и UI)\tests\test_partner_form.py::test_rating_keeps_input_for_validation_on_save[\u0661] PASSED [ 71%]
Учебная практика\Учебная практика 21.09.2026\Обработка исключений и интерактивные уведомления (UX и UI)\tests\test_partner_form.py::test_old_fractional_rating_is_not_rounded PASSED [ 72%]
Учебная практика\Учебная практика 21.09.2026\Обработка исключений и интерактивные уведомления (UX и UI)\tests\test_partner_form.py::test_explicit_type_and_name_are_preserved PASSED [ 73%]
Учебная практика\Учебная практика 21.09.2026\Обработка исключений и интерактивные уведомления (UX и UI)\tests\test_partner_form.py::test_cancel_discards_all_fields_and_reopens_empty_form PASSED [ 74%]
Учебная практика\Учебная практика 21.09.2026\Обработка исключений и интерактивные уведомления (UX и UI)\tests\test_partner_form.py::test_tooltips_show_hints_and_close_with_editor PASSED [ 75%]
Учебная практика\Учебная практика 21.09.2026\Обработка исключений и интерактивные уведомления (UX и UI)\tests\test_service.py::test_no_sales_returns_zero PASSED [ 76%]
Учебная практика\Учебная практика 21.09.2026\Обработка исключений и интерактивные уведомления (UX и UI)\tests\test_service.py::test_empty_delivery_returns_zero PASSED [ 77%]
Учебная практика\Учебная практика 21.09.2026\Обработка исключений и интерактивные уведомления (UX и UI)\tests\test_service.py::test_null_or_zero_quantity_in_history[None] PASSED [ 78%]
Учебная практика\Учебная практика 21.09.2026\Обработка исключений и интерактивные уведомления (UX и UI)\tests\test_service.py::test_null_or_zero_quantity_in_history[0] PASSED [ 78%]
Учебная практика\Учебная практика 21.09.2026\Обработка исключений и интерактивные уведомления (UX и UI)\tests\test_service.py::test_python_normalizes_null_from_data_layer PASSED [ 79%]
Учебная практика\Учебная практика 21.09.2026\Обработка исключений и интерактивные уведомления (UX и UI)\tests\test_service.py::test_all_periods_and_items_are_summed_without_other_partner PASSED [ 80%]
Учебная практика\Учебная практика 21.09.2026\Обработка исключений и интерактивные уведомления (UX и UI)\tests\test_service.py::test_list_includes_no_sales_and_is_sorted PASSED [ 81%]
Учебная практика\Учебная практика 21.09.2026\Обработка исключений и интерактивные уведомления (UX и UI)\tests\test_service.py::test_empty_database PASSED [ 82%]
Учебная практика\Учебная практика 21.09.2026\Обработка исключений и интерактивные уведомления (UX и UI)\tests\test_service.py::test_unknown_partner PASSED [ 83%]
Учебная практика\Учебная практика 21.09.2026\Обработка исключений и интерактивные уведомления (UX и UI)\tests\test_service.py::test_reject_invalid_id[0] PASSED [ 84%]
Учебная практика\Учебная практика 21.09.2026\Обработка исключений и интерактивные уведомления (UX и UI)\tests\test_service.py::test_reject_invalid_id[-1] PASSED [ 85%]
Учебная практика\Учебная практика 21.09.2026\Обработка исключений и интерактивные уведомления (UX и UI)\tests\test_service.py::test_reject_invalid_id[True] PASSED [ 85%]
Учебная практика\Учебная практика 21.09.2026\Обработка исключений и интерактивные уведомления (UX и UI)\tests\test_service.py::test_reject_invalid_id[1 OR 1=1] PASSED [ 86%]
Учебная практика\Учебная практика 21.09.2026\Обработка исключений и интерактивные уведомления (UX и UI)\tests\test_service.py::test_reject_invalid_id[1.5] PASSED [ 87%]
Учебная практика\Учебная практика 21.09.2026\Обработка исключений и интерактивные уведомления (UX и UI)\tests\test_ui.py::test_auto_load_no_history_email_and_zero_discount PASSED [ 88%]
Учебная практика\Учебная практика 21.09.2026\Обработка исключений и интерактивные уведомления (UX и UI)\tests\test_ui.py::test_startup_opens_login_and_cancel_is_safe PASSED [ 89%]
Учебная практика\Учебная практика 21.09.2026\Обработка исключений и интерактивные уведомления (UX и UI)\tests\test_ui.py::test_submit_password_loads_without_extra_button PASSED [ 90%]
Учебная практика\Учебная практика 21.09.2026\Обработка исключений и интерактивные уведомления (UX и UI)\tests\test_ui.py::test_refresh_recalculates_discount_from_database PASSED [ 91%]
Учебная практика\Учебная практика 21.09.2026\Обработка исключений и интерактивные уведомления (UX и UI)\tests\test_ui.py::test_search_and_empty_results PASSED [ 92%]
Учебная практика\Учебная практика 21.09.2026\Обработка исключений и интерактивные уведомления (UX и UI)\tests\test_ui.py::test_failure_is_visible_and_retry_works[offline] PASSED [ 92%]
Учебная практика\Учебная практика 21.09.2026\Обработка исключений и интерактивные уведомления (UX и UI)\tests\test_ui.py::test_failure_is_visible_and_retry_works[password] PASSED [ 93%]
Учебная практика\Учебная практика 21.09.2026\Обработка исключений и интерактивные уведомления (UX и UI)\tests\test_ui.py::test_failure_is_visible_and_retry_works[missing_tables] PASSED [ 94%]
Учебная практика\Учебная практика 21.09.2026\Обработка исключений и интерактивные уведомления (UX и UI)\tests\test_ui.py::test_failure_is_visible_and_retry_works[timeout] PASSED [ 95%]
Учебная практика\Учебная практика 21.09.2026\Обработка исключений и интерактивные уведомления (UX и UI)\tests\test_ui.py::test_failure_is_visible_and_retry_works[config] PASSED [ 96%]
Учебная практика\Учебная практика 21.09.2026\Обработка исключений и интерактивные уведомления (UX и UI)\tests\test_ui.py::test_failure_is_visible_and_retry_works[permissions] PASSED [ 97%]
Учебная практика\Учебная практика 21.09.2026\Обработка исключений и интерактивные уведомления (UX и UI)\tests\test_ui.py::test_failure_is_visible_and_retry_works[unexpected] PASSED [ 98%]
Учебная практика\Учебная практика 21.09.2026\Обработка исключений и интерактивные уведомления (UX и UI)\tests\test_ui.py::test_unavailable_real_server_is_handled PASSED [ 99%]
Учебная практика\Учебная практика 21.09.2026\Обработка исключений и интерактивные уведомления (UX и UI)\tests\test_ui.py::test_slow_load_does_not_freeze_window_and_close_is_safe PASSED [100%]

============================ 114 passed in 23.31s =============================
Name                                                                                                                     Stmts   Miss Branch BrPart  Cover   Missing
--------------------------------------------------------------------------------------------------------------------------------------------------------------------
Учебная практика\Учебная практика 21.09.2026\Интеграция формы с БД (CRUD-операции и обновление UI)\partner_discount.py       8      0      6      0   100%
Учебная практика\Учебная практика 21.09.2026\Интеграция формы с БД (CRUD-операции и обновление UI)\partner_service.py       37      0     10      0   100%
--------------------------------------------------------------------------------------------------------------------------------------------------------------------
TOTAL                                                                                                                       45      0     16      0   100%
